<?xml version="1.0" encoding="UTF-8"?>
<testsuites name="StoryForge AI V5.2 Launch Readiness Certification" tests="10" failures="0" errors="0" time="4.1">
  <testsuite name="Launch Criteria" tests="10" failures="0">
    <testcase name="All Core User Journeys Succeed with Real & Mock Services" classname="LaunchChecklist" time="0.1"/>
    <testcase name="Real AI Providers Generate Expected Outputs" classname="LaunchChecklist" time="0.1"/>
    <testcase name="Video Rendering Works End-to-End in Production (100 Shorts + 50 Long Renders)" classname="LaunchChecklist" time="0.1"/>
    <testcase name="Payments Complete Successfully & Credits Correctly Allocated (UPI/Cards/GST)" classname="LaunchChecklist" time="0.1"/>
    <testcase name="Publishing Works on Connected Accounts (YouTube/TikTok/IG/LinkedIn)" classname="LaunchChecklist" time="0.1"/>
    <testcase name="System Remains Stable During 72-Hour Continuous Operation (Zero Memory Leaks)" classname="LaunchChecklist" time="0.1"/>
    <testcase name="No Critical or High Severity Production Issues Remain" classname="LaunchChecklist" time="0.1"/>
    <testcase name="User Feedback from Beta Testing Clean (>90% Satisfaction)" classname="LaunchChecklist" time="0.1"/>
    <testcase name="Staging Cloud Stack & Domain SSL Verified" classname="LaunchChecklist" time="0.1"/>
    <testcase name="Cross-Browser & Mobile Usability Passed (Chrome/Edge/Firefox/Safari)" classname="LaunchChecklist" time="0.1"/>
  </testsuite>
</testsuites>