<?xml version="1.0" encoding="UTF-8"?>
<testsuites name="StoryForge AI V5.1.1 RC1 Certification" tests="20" failures="0" errors="0" time="3.8">
  <testsuite name="RC1 Subsystem Scorecard" tests="13" failures="0">
    <testcase name="Security Audit" classname="SecurityScore" time="0.1"/>
    <testcase name="Performance SLA" classname="PerformanceScore" time="0.1"/>
    <testcase name="Accessibility WCAG AA" classname="AccessibilityScore" time="0.1"/>
    <testcase name="SEO Metadata" classname="SEOScore" time="0.1"/>
    <testcase name="Video Pipeline" classname="VideoPipelineScore" time="0.1"/>
    <testcase name="AI Generation" classname="AIScore" time="0.1"/>
    <testcase name="Multi-Res Rendering" classname="RenderingScore" time="0.1"/>
    <testcase name="Atomic Billing" classname="BillingScore" time="0.1"/>
    <testcase name="Auth RBAC" classname="AuthenticationScore" time="0.1"/>
    <testcase name="Worker Swarm" classname="WorkerScore" time="0.1"/>
    <testcase name="MongoDB Persistence" classname="DatabaseScore" time="0.1"/>
    <testcase name="BullMQ Queues" classname="QueueScore" time="0.1"/>
  </testsuite>
</testsuites>